# JRE version: OpenJDK Runtime Environment Temurin-23.0.2+7 (23.0.2+7) (build 23.0.2+7)
# Java VM: OpenJDK 64-Bit Server VM Temurin-23.0.2+7 (23.0.2+7, mixed mode, sharing, tiered, compressed oops, compressed class ptrs, g1 gc, linux-amd64)
GC Precious Log:
 CardTable entry size: 512
 Card Set container configuration: InlinePtr #cards 4 size 8 Array Of Cards #cards 64 size 144 Howl #buckets 8 coarsen threshold 14745 Howl Bitmap #cards 2048 size 272 coarsen threshold 1843 Card regions per heap region 1 cards per card region 16384
 CPUs: 24 total, 24 available
 Memory: 47939M
 Large Page Support: Disabled
 NUMA Support: Disabled
 Compressed Oops: Enabled (Zero based)
 Heap Region Size: 8M
 Heap Min Capacity: 8M
 Heap Initial Capacity: 752M
 Heap Max Capacity: 11992M
 Pre-touch: Disabled
 Parallel Workers: 18
 Concurrent Workers: 5
 Concurrent Refinement Workers: 18
 Periodic GC: Disabled
Heap:
 garbage-first heap   total reserved 12279808K, committed 303104K, used 237388K [0x0000000512800000, 0x0000000800000000)
  region size 8192K, 14 young (114688K), 2 survivors (16384K)
 Metaspace       used 80163K, committed 80704K, reserved 1179648K
  class space    used 8943K, committed 9152K, reserved 1048576K
GC Heap History (20 events):
Event: 1.207 GC heap after
{Heap after GC invocations=9 (full 0):
 garbage-first heap   total reserved 12279808K, committed 139264K, used 40217K [0x0000000512800000, 0x0000000800000000)
  region size 8192K, 2 young (16384K), 2 survivors (16384K)
 Metaspace       used 47065K, committed 47424K, reserved 1114112K
  class space    used 5746K, committed 5888K, reserved 1048576K
}
Event: 1.514 GC heap before
{Heap before GC invocations=9 (full 0):
 garbage-first heap   total reserved 12279808K, committed 139264K, used 97561K [0x0000000512800000, 0x0000000800000000)
  region size 8192K, 9 young (73728K), 2 survivors (16384K)
 Metaspace       used 50207K, committed 50496K, reserved 1114112K
  class space    used 6014K, committed 6144K, reserved 1048576K
}
Event: 1.523 GC heap after
{Heap after GC invocations=10 (full 0):
 garbage-first heap   total reserved 12279808K, committed 139264K, used 53147K [0x0000000512800000, 0x0000000800000000)
  region size 8192K, 2 young (16384K), 2 survivors (16384K)
 Metaspace       used 50207K, committed 50496K, reserved 1114112K
  class space    used 6014K, committed 6144K, reserved 1048576K
}
Event: 1.867 GC heap before
{Heap before GC invocations=10 (full 0):
 garbage-first heap   total reserved 12279808K, committed 139264K, used 102299K [0x0000000512800000, 0x0000000800000000)
  region size 8192K, 8 young (65536K), 2 survivors (16384K)
 Metaspace       used 59346K, committed 59776K, reserved 1114112K
  class space    used 6857K, committed 7040K, reserved 1048576K
}
Event: 1.874 GC heap after
{Heap after GC invocations=11 (full 0):
 garbage-first heap   total reserved 12279808K, committed 139264K, used 60213K [0x0000000512800000, 0x0000000800000000)
  region size 8192K, 1 young (8192K), 1 survivors (8192K)
 Metaspace       used 59346K, committed 59776K, reserved 1114112K
  class space    used 6857K, committed 7040K, reserved 1048576K
}
Event: 1.964 GC heap before
{Heap before GC invocations=11 (full 0):
 garbage-first heap   total reserved 12279808K, committed 139264K, used 68405K [0x0000000512800000, 0x0000000800000000)
  region size 8192K, 3 young (24576K), 1 survivors (8192K)
 Metaspace       used 61393K, committed 61760K, reserved 1114112K
  class space    used 7027K, committed 7232K, reserved 1048576K
}
Event: 1.967 GC heap after
{Heap after GC invocations=12 (full 0):
 garbage-first heap   total reserved 12279808K, committed 139264K, used 62727K [0x0000000512800000, 0x0000000800000000)
  region size 8192K, 1 young (8192K), 1 survivors (8192K)
 Metaspace       used 61393K, committed 61760K, reserved 1114112K
  class space    used 7027K, committed 7232K, reserved 1048576K
}
Event: 2.252 GC heap before
{Heap before GC invocations=13 (full 0):
 garbage-first heap   total reserved 12279808K, committed 139264K, used 103687K [0x0000000512800000, 0x0000000800000000)
  region size 8192K, 6 young (49152K), 1 survivors (8192K)
 Metaspace       used 70055K, committed 70464K, reserved 1114112K
  class space    used 8064K, committed 8256K, reserved 1048576K
}
Event: 2.255 GC heap after
{Heap after GC invocations=14 (full 0):
 garbage-first heap   total reserved 12279808K, committed 139264K, used 65921K [0x0000000512800000, 0x0000000800000000)
  region size 8192K, 1 young (8192K), 1 survivors (8192K)
 Metaspace       used 70055K, committed 70464K, reserved 1114112K
  class space    used 8064K, committed 8256K, reserved 1048576K
}
Event: 2.537 GC heap before
{Heap before GC invocations=14 (full 0):
 garbage-first heap   total reserved 12279808K, committed 139264K, used 106881K [0x0000000512800000, 0x0000000800000000)
  region size 8192K, 6 young (49152K), 1 survivors (8192K)
 Metaspace       used 76837K, committed 77312K, reserved 1179648K
  class space    used 8708K, committed 8896K, reserved 1048576K
}
Event: 2.543 GC heap after
{Heap after GC invocations=15 (full 0):
 garbage-first heap   total reserved 12279808K, committed 139264K, used 70436K [0x0000000512800000, 0x0000000800000000)
  region size 8192K, 1 young (8192K), 1 survivors (8192K)
 Metaspace       used 76837K, committed 77312K, reserved 1179648K
  class space    used 8708K, committed 8896K, reserved 1048576K
}
Event: 2.582 GC heap before
{Heap before GC invocations=15 (full 0):
 garbage-first heap   total reserved 12279808K, committed 139264K, used 111396K [0x0000000512800000, 0x0000000800000000)
  region size 8192K, 6 young (49152K), 1 survivors (8192K)
 Metaspace       used 76962K, committed 77376K, reserved 1179648K
  class space    used 8710K, committed 8896K, reserved 1048576K
}
Event: 2.589 GC heap after
{Heap after GC invocations=16 (full 0):
 garbage-first heap   total reserved 12279808K, committed 458752K, used 85826K [0x0000000512800000, 0x0000000800000000)
  region size 8192K, 1 young (8192K), 1 survivors (8192K)
 Metaspace       used 76962K, committed 77376K, reserved 1179648K
  class space    used 8710K, committed 8896K, reserved 1048576K
}
Event: 2.999 GC heap before
{Heap before GC invocations=17 (full 0):
 garbage-first heap   total reserved 12279808K, committed 303104K, used 249666K [0x0000000512800000, 0x0000000800000000)
  region size 8192K, 22 young (180224K), 1 survivors (8192K)
 Metaspace       used 79424K, committed 79936K, reserved 1179648K
  class space    used 8934K, committed 9152K, reserved 1048576K
}
Event: 3.007 GC heap after
{Heap after GC invocations=18 (full 0):
 garbage-first heap   total reserved 12279808K, committed 303104K, used 111933K [0x0000000512800000, 0x0000000800000000)
  region size 8192K, 3 young (24576K), 3 survivors (24576K)
 Metaspace       used 79424K, committed 79936K, reserved 1179648K
  class space    used 8934K, committed 9152K, reserved 1048576K
}
Event: 3.146 GC heap before
{Heap before GC invocations=18 (full 0):
 garbage-first heap   total reserved 12279808K, committed 303104K, used 210237K [0x0000000512800000, 0x0000000800000000)
  region size 8192K, 15 young (122880K), 3 survivors (24576K)
 Metaspace       used 79704K, committed 80256K, reserved 1179648K
  class space    used 8939K, committed 9152K, reserved 1048576K
}
Event: 3.155 GC heap after
{Heap after GC invocations=19 (full 0):
 garbage-first heap   total reserved 12279808K, committed 303104K, used 128326K [0x0000000512800000, 0x0000000800000000)
  region size 8192K, 2 young (16384K), 2 survivors (16384K)
 Metaspace       used 79704K, committed 80256K, reserved 1179648K
  class space    used 8939K, committed 9152K, reserved 1048576K
}
Event: 3.281 GC heap before
{Heap before GC invocations=19 (full 0):
 garbage-first heap   total reserved 12279808K, committed 303104K, used 226630K [0x0000000512800000, 0x0000000800000000)
  region size 8192K, 14 young (114688K), 2 survivors (16384K)
 Metaspace       used 79932K, committed 80448K, reserved 1179648K
  class space    used 8940K, committed 9152K, reserved 1048576K
}
Event: 3.286 GC heap after
{Heap after GC invocations=20 (full 0):
 garbage-first heap   total reserved 12279808K, committed 303104K, used 139084K [0x0000000512800000, 0x0000000800000000)
  region size 8192K, 2 young (16384K), 2 survivors (16384K)
 Metaspace       used 79932K, committed 80448K, reserved 1179648K
  class space    used 8940K, committed 9152K, reserved 1048576K
}
Event: 3.396 GC heap before
{Heap before GC invocations=20 (full 0):
 garbage-first heap   total reserved 12279808K, committed 303104K, used 237388K [0x0000000512800000, 0x0000000800000000)
  region size 8192K, 14 young (114688K), 2 survivors (16384K)
 Metaspace       used 80163K, committed 80704K, reserved 1179648K
  class space    used 8943K, committed 9152K, reserved 1048576K
}

